<?xml version="1.0" encoding="UTF-8"?>
<testsuite name="AppTest" tests="1" skipped="0" failures="0" errors="0" timestamp="2016-02-16T16:29:19" hostname="epicodus-47.local" time="0.001">
  <properties/>
  <testcase name="Task_instantiatesCorrectly_true" classname="AppTest" time="0.001"/>
  <system-out><![CDATA[]]></system-out>
  <system-err><![CDATA[]]></system-err>
</testsuite>
