<?xml version="1.0" encoding="UTF-8"?>
<testsuite name="AppTest" tests="2" skipped="0" failures="0" errors="0" timestamp="2016-02-16T17:20:35" hostname="epicodus-47.local" time="0.0">
  <properties/>
  <testcase name="task_instantiatesWithdescription_true" classname="AppTest" time="0.0"/>
  <testcase name="Task_instantiatesCorrectly_true" classname="AppTest" time="0.0"/>
  <system-out><![CDATA[]]></system-out>
  <system-err><![CDATA[]]></system-err>
</testsuite>
